This is pdfTeX, Version 3.14159265-2.6-1.40.16 (MiKTeX 2.9 64-bit) (preloaded format=pdflatex 2016.2.27)  27 MAY 2016 23:19
entering extended mode
**./architectural_functional.tex
(architectural_functional.tex
LaTeX2e <2015/10/01> patch level 2
Babel <3.9n> and hyphenation patterns for 69 languages loaded.

("C:\Users\mo2c\AppData\Local\Programs\MiKTeX 2.9\tex\latex\koma-script\scrartc
l.cls"
Document Class: scrartcl 2016/05/10 v3.20 KOMA-Script document class (article)

("C:\Users\mo2c\AppData\Local\Programs\MiKTeX 2.9\tex\latex\koma-script\scrkbas
e.sty"
Package: scrkbase 2016/05/10 v3.20 KOMA-Script package (KOMA-Script-dependent b
asics and keyval usage)

("C:\Users\mo2c\AppData\Local\Programs\MiKTeX 2.9\tex\latex\koma-script\scrbase
.sty"
Package: scrbase 2016/05/10 v3.20 KOMA-Script package (KOMA-Script-independent 
basics and keyval usage)

("C:\Users\mo2c\AppData\Local\Programs\MiKTeX 2.9\tex\latex\graphics\keyval.sty
"
Package: keyval 2014/10/28 v1.15 key=value parser (DPC)
\KV@toks@=\toks14
)
("C:\Users\mo2c\AppData\Local\Programs\MiKTeX 2.9\tex\latex\koma-script\scrlfil
e.sty"
Package: scrlfile 2016/05/10 v3.20 KOMA-Script package (loading files)

Package scrlfile, 2016/05/10 v3.20 KOMA-Script package (loading files)
                  Copyright (C) Markus Kohm

)))
("C:\Users\mo2c\AppData\Local\Programs\MiKTeX 2.9\tex\latex\koma-script\tocbasi
c.sty"
Package: tocbasic 2016/05/10 v3.20 KOMA-Script package (handling toc-files)
\scr@dte@tocline@numberwidth=\skip41
\scr@dte@tocline@numbox=\box26
)
Package tocbasic Info: omitting babel extension for `toc'
(tocbasic)             because of feature `nobabel' available
(tocbasic)             for `toc' on input line 130.
Package tocbasic Info: omitting babel extension for `lof'
(tocbasic)             because of feature `nobabel' available
(tocbasic)             for `lof' on input line 131.
Package tocbasic Info: omitting babel extension for `lot'
(tocbasic)             because of feature `nobabel' available
(tocbasic)             for `lot' on input line 132.
Class scrartcl Info: File `scrsize11pt.clo' used to setup font sizes on input l
ine 2051.

("C:\Users\mo2c\AppData\Local\Programs\MiKTeX 2.9\tex\latex\koma-script\scrsize
11pt.clo"
File: scrsize11pt.clo 2016/05/10 v3.20 KOMA-Script font size class option (11pt
)
)
("C:\Users\mo2c\AppData\Local\Programs\MiKTeX 2.9\tex\latex\koma-script\typeare
a.sty"
Package: typearea 2016/05/10 v3.20 KOMA-Script package (type area)

Package typearea, 2016/05/10 v3.20 KOMA-Script package (type area)
                  Copyright (C) Frank Neukam, 1992-1994
                  Copyright (C) Markus Kohm, 1994-

\ta@bcor=\skip42
\ta@div=\count79
\ta@hblk=\skip43
\ta@vblk=\skip44
\ta@temp=\skip45
\footheight=\skip46
Package typearea Info: These are the values describing the layout:
(typearea)             DIV  = 10
(typearea)             BCOR = 0.0pt
(typearea)             \paperwidth      = 597.50793pt
(typearea)              \textwidth      = 418.25555pt
(typearea)              DIV departure   = -6%
(typearea)              \evensidemargin = 17.3562pt
(typearea)              \oddsidemargin  = 17.3562pt
(typearea)             \paperheight     = 845.04694pt
(typearea)              \textheight     = 595.80026pt
(typearea)              \topmargin      = -25.16531pt
(typearea)              \headheight     = 17.0pt
(typearea)              \headsep        = 20.40001pt
(typearea)              \topskip        = 11.0pt
(typearea)              \footskip       = 47.6pt
(typearea)              \baselineskip   = 13.6pt
(typearea)              on input line 1528.
)
\c@part=\count80
\c@section=\count81
\c@subsection=\count82
\c@subsubsection=\count83
\c@paragraph=\count84
\c@subparagraph=\count85
\scr@dte@part@maxnumwidth=\skip47
\scr@dte@section@maxnumwidth=\skip48
\scr@dte@subsection@maxnumwidth=\skip49
\scr@dte@subsubsection@maxnumwidth=\skip50
\scr@dte@paragraph@maxnumwidth=\skip51
\scr@dte@subparagraph@maxnumwidth=\skip52
LaTeX Info: Redefining \textsubscript on input line 4025.
\abovecaptionskip=\skip53
\belowcaptionskip=\skip54
\c@pti@nb@sid@b@x=\box27
\c@figure=\count86
\c@table=\count87
Class scrartcl Info: Redefining `\numberline' on input line 5012.
\bibindent=\dimen102
) ("C:\Users\mo2c\AppData\Local\Programs\MiKTeX 2.9\tex\generic\babel\babel.sty
"
Package: babel 2016/01/08 3.9n The Babel package

*************************************
* Local config file bblopts.cfg used
*

("C:\Users\mo2c\AppData\Local\Programs\MiKTeX 2.9\tex\latex\00miktex\bblopts.cf
g"
File: bblopts.cfg 2006/07/31 v1.0 MiKTeX 'babel' configuration
)
("C:\Users\mo2c\AppData\Local\Programs\MiKTeX 2.9\tex\latex\babel-english\engli
sh.ldf"
Language: english 2012/08/20 v3.3p English support from the babel system

("C:\Users\mo2c\AppData\Local\Programs\MiKTeX 2.9\tex\generic\babel\babel.def"
File: babel.def 2016/01/08 3.9n Babel common definitions
\babel@savecnt=\count88
\U@D=\dimen103
)
\l@canadian = a dialect from \language\l@american 
\l@australian = a dialect from \language\l@british 
\l@newzealand = a dialect from \language\l@british 
))

Class scrartcl Warning: Usage of package `fancyhdr' together
(scrartcl)              with a KOMA-Script class is not recommended.
(scrartcl)              I'd suggest to use 
(scrartcl)              package `scrlayer-scrpage'.
(scrartcl)              Nevertheless, using requested
(scrartcl)              package `fancyhdr' on input line 5.


("C:\Users\mo2c\AppData\Local\Programs\MiKTeX 2.9\tex\latex\fancyhdr\fancyhdr.s
ty"
\fancy@headwidth=\skip55
\f@ncyO@elh=\skip56
\f@ncyO@erh=\skip57
\f@ncyO@olh=\skip58
\f@ncyO@orh=\skip59
\f@ncyO@elf=\skip60
\f@ncyO@erf=\skip61
\f@ncyO@olf=\skip62
\f@ncyO@orf=\skip63
)
("C:\Users\mo2c\AppData\Local\Programs\MiKTeX 2.9\tex\latex\graphics\graphicx.s
ty"
Package: graphicx 2014/10/28 v1.0g Enhanced LaTeX Graphics (DPC,SPQR)

("C:\Users\mo2c\AppData\Local\Programs\MiKTeX 2.9\tex\latex\graphics\graphics.s
ty"
Package: graphics 2014/10/28 v1.0p Standard LaTeX Graphics (DPC,SPQR)

("C:\Users\mo2c\AppData\Local\Programs\MiKTeX 2.9\tex\latex\graphics\trig.sty"
Package: trig 1999/03/16 v1.09 sin cos tan (DPC)
)
("C:\Users\mo2c\AppData\Local\Programs\MiKTeX 2.9\tex\latex\00miktex\graphics.c
fg"
File: graphics.cfg 2007/01/18 v1.5 graphics configuration of teTeX/TeXLive
)
Package graphics Info: Driver file: pdftex.def on input line 94.

("C:\Users\mo2c\AppData\Local\Programs\MiKTeX 2.9\tex\latex\pdftex-def\pdftex.d
ef"
File: pdftex.def 2011/05/27 v0.06d Graphics/color for pdfTeX

("C:\Users\mo2c\AppData\Local\Programs\MiKTeX 2.9\tex\generic\oberdiek\infwarer
r.sty"
Package: infwarerr 2010/04/08 v1.3 Providing info/warning/error messages (HO)
)
("C:\Users\mo2c\AppData\Local\Programs\MiKTeX 2.9\tex\generic\oberdiek\ltxcmds.
sty"
Package: ltxcmds 2011/11/09 v1.22 LaTeX kernel commands for general use (HO)
)
\Gread@gobject=\count89
))
\Gin@req@height=\dimen104
\Gin@req@width=\dimen105
)
("C:\Users\mo2c\AppData\Local\Programs\MiKTeX 2.9\tex\latex\xcolor\xcolor.sty"
Package: xcolor 2016/05/11 v2.12 LaTeX color extensions (UK)

("C:\Users\mo2c\AppData\Local\Programs\MiKTeX 2.9\tex\latex\00miktex\color.cfg"
File: color.cfg 2007/01/18 v1.5 color configuration of teTeX/TeXLive
)
Package xcolor Info: Driver file: pdftex.def on input line 225.
Package xcolor Info: Model `cmy' substituted by `cmy0' on input line 1348.
Package xcolor Info: Model `hsb' substituted by `rgb' on input line 1352.
Package xcolor Info: Model `RGB' extended on input line 1364.
Package xcolor Info: Model `HTML' substituted by `rgb' on input line 1366.
Package xcolor Info: Model `Hsb' substituted by `hsb' on input line 1367.
Package xcolor Info: Model `tHsb' substituted by `hsb' on input line 1368.
Package xcolor Info: Model `HSB' substituted by `hsb' on input line 1369.
Package xcolor Info: Model `Gray' substituted by `gray' on input line 1370.
Package xcolor Info: Model `wave' substituted by `hsb' on input line 1371.
)

Class scrartcl Warning: Usage of package `titlesec' together
(scrartcl)              with a KOMA-Script class is not recommended.
(scrartcl)              I'd suggest to use the package only
(scrartcl)              if you really need it, because it breaks several
(scrartcl)              KOMA-Script features, i.e., option `headings' and
(scrartcl)              the extended optional argument of the section
(scrartcl)              commands.
(scrartcl)              Nevertheless, using requested
(scrartcl)              package `titlesec' on input line 8.


("C:\Users\mo2c\AppData\Local\Programs\MiKTeX 2.9\tex\latex\titlesec\titlesec.s
ty"
Package: titlesec 2016/03/21 v2.10.2 Sectioning titles
\ttl@box=\box28
\beforetitleunit=\skip64
\aftertitleunit=\skip65
\ttl@plus=\dimen106
\ttl@minus=\dimen107
\ttl@toksa=\toks15
\titlewidth=\dimen108
\titlewidthlast=\dimen109
\titlewidthfirst=\dimen110


Package titlesec Warning: Non standard sectioning command detected
(titlesec)                Using default spacing and no format.


Package titlesec Warning: Non standard sectioning command detected
(titlesec)                Using default spacing and no format.


Package titlesec Warning: Non standard sectioning command detected
(titlesec)                Using default spacing and no format.


Package titlesec Warning: Non standard sectioning command detected
(titlesec)                Using default spacing and no format.


Package titlesec Warning: Non standard sectioning command detected
(titlesec)                Using default spacing and no format.

)

Package scrartcl Warning: Activating an ugly workaround for a missing
(scrartcl)                feature of package `titlesec` on input line 8.

("C:\Users\mo2c\AppData\Local\Programs\MiKTeX 2.9\tex\latex\titlesec\block.tss"
File: block.tss 2016/03/15
) (architectural_functional.aux)
\openout1 = `architectural_functional.aux'.

LaTeX Font Info:    Checking defaults for OML/cmm/m/it on input line 36.
LaTeX Font Info:    ... okay on input line 36.
LaTeX Font Info:    Checking defaults for T1/cmr/m/n on input line 36.
LaTeX Font Info:    ... okay on input line 36.
LaTeX Font Info:    Checking defaults for OT1/cmr/m/n on input line 36.
LaTeX Font Info:    ... okay on input line 36.
LaTeX Font Info:    Checking defaults for OMS/cmsy/m/n on input line 36.
LaTeX Font Info:    ... okay on input line 36.
LaTeX Font Info:    Checking defaults for OMX/cmex/m/n on input line 36.
LaTeX Font Info:    ... okay on input line 36.
LaTeX Font Info:    Checking defaults for U/cmr/m/n on input line 36.
LaTeX Font Info:    ... okay on input line 36.

("C:\Users\mo2c\AppData\Local\Programs\MiKTeX 2.9\tex\context\base\supp-pdf.mki
i"
[Loading MPS to PDF converter (version 2006.09.02).]
\scratchcounter=\count90
\scratchdimen=\dimen111
\scratchbox=\box29
\nofMPsegments=\count91
\nofMParguments=\count92
\everyMPshowfont=\toks16
\MPscratchCnt=\count93
\MPscratchDim=\dimen112
\MPnumerator=\count94
\makeMPintoPDFobject=\count95
\everyMPtoPDFconversion=\toks17
)
LaTeX Font Info:    External font `cmex10' loaded for size
(Font)              <14.4> on input line 38.
LaTeX Font Info:    External font `cmex10' loaded for size
(Font)              <7> on input line 38.
 [1


{C:/Users/mo2c/AppData/Local/MiKTeX/2.9/pdftex/config/pdftex.map}]
Missing character: There is no Ã in font cmr10!
Missing character: There is no ¼ in font cmr10!

Underfull \hbox (badness 10000) in paragraph at lines 40--41

 []


Underfull \hbox (badness 10000) in paragraph at lines 42--43

 []

[2] <images/deviceManagementScope.jpg, id=14, 699.61375pt x 481.8pt>
File: images/deviceManagementScope.jpg Graphic file (type jpg)

<use images/deviceManagementScope.jpg>
Package pdftex.def Info: images/deviceManagementScope.jpg used on input line 49
.
(pdftex.def)             Requested size: 418.25555pt x 288.04564pt.

Underfull \hbox (badness 10000) in paragraph at lines 49--50

 []

<images/userManagementScope.jpg, id=15, 790.955pt x 594.22pt>
File: images/userManagementScope.jpg Graphic file (type jpg)

<use images/userManagementScope.jpg>
Package pdftex.def Info: images/userManagementScope.jpg used on input line 57.
(pdftex.def)             Requested size: 418.25555pt x 314.22787pt.

Underfull \hbox (badness 10000) in paragraph at lines 57--58

 []

<images/dataManagementScope.jpg, id=16, 847.165pt x 636.3775pt>
File: images/dataManagementScope.jpg Graphic file (type jpg)

<use images/dataManagementScope.jpg>
Package pdftex.def Info: images/dataManagementScope.jpg used on input line 65.
(pdftex.def)             Requested size: 418.25555pt x 314.18732pt.

Underfull \hbox (badness 10000) in paragraph at lines 65--66

 []

<images/reportingScope.jpg, id=17, 847.165pt x 573.14125pt>
File: images/reportingScope.jpg Graphic file (type jpg)

<use images/reportingScope.jpg>
Package pdftex.def Info: images/reportingScope.jpg used on input line 73.
(pdftex.def)             Requested size: 418.25555pt x 282.9668pt.

Underfull \hbox (badness 10000) in paragraph at lines 73--74

 []

[3 <./images/deviceManagementScope.jpg>] [4 <./images/userManagementScope.jpg>]
[5 <./images/dataManagementScope.jpg>] [6 <./images/reportingScope.jpg>]
<images/ArchitecturalModel.jpg, id=30, 749.80125pt x 488.82625pt>
File: images/ArchitecturalModel.jpg Graphic file (type jpg)

<use images/ArchitecturalModel.jpg>
Package pdftex.def Info: images/ArchitecturalModel.jpg used on input line 81.
(pdftex.def)             Requested size: 418.25555pt x 272.68166pt.

Underfull \hbox (badness 10000) in paragraph at lines 81--82

 []

<images/User.jpg, id=31, 329.23pt x 247.92625pt>
File: images/User.jpg Graphic file (type jpg)
 <use images/User.jpg>
Package pdftex.def Info: images/User.jpg used on input line 86.
(pdftex.def)             Requested size: 418.25555pt x 314.97633pt.

Underfull \hbox (badness 10000) in paragraph at lines 86--87

 []

<images/DeviceManagement.jpg, id=32, 266.9975pt x 302.12875pt>
File: images/DeviceManagement.jpg Graphic file (type jpg)

<use images/DeviceManagement.jpg>
Package pdftex.def Info: images/DeviceManagement.jpg used on input line 91.
(pdftex.def)             Requested size: 418.25555pt x 473.33817pt.

Underfull \hbox (badness 10000) in paragraph at lines 91--92

 []

<images/DataManagement.jpg, id=33, 596.2275pt x 351.3125pt>
File: images/DataManagement.jpg Graphic file (type jpg)

<use images/DataManagement.jpg>
Package pdftex.def Info: images/DataManagement.jpg used on input line 96.
(pdftex.def)             Requested size: 418.25555pt x 246.44775pt.

Underfull \hbox (badness 10000) in paragraph at lines 96--97

 []

<images/Reporting.jpg, id=34, 351.3125pt x 216.81pt>
File: images/Reporting.jpg Graphic file (type jpg)

<use images/Reporting.jpg>
Package pdftex.def Info: images/Reporting.jpg used on input line 101.
(pdftex.def)             Requested size: 418.25555pt x 258.14273pt.

Underfull \hbox (badness 10000) in paragraph at lines 101--102

 []

[7 <./images/ArchitecturalModel.jpg>] [8 <./images/User.jpg>] [9 <./images/Devi
ceManagement.jpg>] [10 <./images/DataManagement.jpg> <./images/Reporting.jpg>]
Underfull \hbox (badness 10000) in paragraph at lines 107--119

 []


Underfull \hbox (badness 10000) in paragraph at lines 107--119

 []


Underfull \hbox (badness 10000) in paragraph at lines 107--119

 []


Underfull \hbox (badness 10000) in paragraph at lines 107--119

 []


Underfull \hbox (badness 10000) in paragraph at lines 107--119

 []

[11]
Underfull \hbox (badness 10000) in paragraph at lines 124--128

 []


Underfull \hbox (badness 10000) in paragraph at lines 130--132

 []


Underfull \hbox (badness 10000) in paragraph at lines 134--138

 []


Underfull \hbox (badness 10000) in paragraph at lines 140--141

 []


Overfull \hbox (0.85344pt too wide) in paragraph at lines 140--141
\OT1/cmr/m/n/10.95 The other op-tion is us-ing \OT1/cmr/m/it/10.95 Mon-goDB\OT1
/cmr/m/n/10.95 . Mon-goDB is a document-oriented No-SQL database.
 []


Underfull \hbox (badness 10000) in paragraph at lines 143--145

 []

[12]
Underfull \hbox (badness 10000) in paragraph at lines 147--149

 []

[13] (architectural_functional.aux) ) 
Here is how much of TeX's memory you used:
 4204 strings out of 493634
 67430 string characters out of 3135647
 220617 words of memory out of 3000000
 7574 multiletter control sequences out of 15000+200000
 7307 words of font info for 26 fonts, out of 3000000 for 9000
 1025 hyphenation exceptions out of 8191
 41i,11n,51p,8505b,256s stack positions out of 5000i,500n,10000p,200000b,50000s
<C:/Users/mo2c/AppData/Local/Programs/MiKT
eX 2.9/fonts/type1/public/amsfonts/cm/cmbx10.pfb><C:/Users/mo2c/AppData/Local/P
rograms/MiKTeX 2.9/fonts/type1/public/amsfonts/cm/cmbx12.pfb><C:/Users/mo2c/App
Data/Local/Programs/MiKTeX 2.9/fonts/type1/public/amsfonts/cm/cmcsc10.pfb><C:/U
sers/mo2c/AppData/Local/Programs/MiKTeX 2.9/fonts/type1/public/amsfonts/cm/cmr1
0.pfb><C:/Users/mo2c/AppData/Local/Programs/MiKTeX 2.9/fonts/type1/public/amsfo
nts/cm/cmr12.pfb><C:/Users/mo2c/AppData/Local/Programs/MiKTeX 2.9/fonts/type1/p
ublic/amsfonts/cm/cmr17.pfb><C:/Users/mo2c/AppData/Local/Programs/MiKTeX 2.9/fo
nts/type1/public/amsfonts/cm/cmti10.pfb>
Output written on architectural_functional.pdf (13 pages, 680762 bytes).
PDF statistics:
 82 PDF objects out of 1000 (max. 8388607)
 0 named destinations out of 1000 (max. 500000)
 46 words of extra memory for PDF output out of 10000 (max. 10000000)

